{"C:\\Users\\PC\\Desktop\\HENRY\\REPOSITORIOS\\Proyecto-01\\server\\src\\router.ts": {"path":"C:\\Users\\PC\\Desktop\\HENRY\\REPOSITORIOS\\Proyecto-01\\server\\src\\router.ts","statementMap":{"0":{"start":{"line":1,"column":0},"end":{"line":1,"column":33}},"1":{"start":{"line":2,"column":0},"end":{"line":2,"column":48}},"2":{"start":{"line":3,"column":0},"end":{"line":3,"column":null}},"3":{"start":{"line":13,"column":0},"end":{"line":13,"column":49}},"4":{"start":{"line":15,"column":15},"end":{"line":15,"column":23}},"5":{"start":{"line":17,"column":0},"end":{"line":17,"column":48}},"6":{"start":{"line":19,"column":0},"end":{"line":24,"column":2}},"7":{"start":{"line":26,"column":0},"end":{"line":85,"column":2}},"8":{"start":{"line":40,"column":19},"end":{"line":40,"column":28}},"9":{"start":{"line":87,"column":0},"end":{"line":99,"column":2}},"10":{"start":{"line":101,"column":0},"end":{"line":114,"column":2}},"11":{"start":{"line":116,"column":0},"end":{"line":134,"column":2}},"12":{"start":{"line":128,"column":19},"end":{"line":128,"column":28}},"13":{"start":{"line":136,"column":0},"end":{"line":141,"column":2}},"14":{"start":{"line":143,"column":0},"end":{"line":148,"column":2}},"15":{"start":{"line":150,"column":0},"end":{"line":150,"column":22}}},"fnMap":{"0":{"name":"(anonymous_0)","decl":{"start":{"line":40,"column":10},"end":{"line":40,"column":15}},"loc":{"start":{"line":40,"column":19},"end":{"line":40,"column":28}}},"1":{"name":"(anonymous_1)","decl":{"start":{"line":128,"column":10},"end":{"line":128,"column":15}},"loc":{"start":{"line":128,"column":19},"end":{"line":128,"column":28}}}},"branchMap":{},"s":{"0":2,"1":2,"2":2,"3":2,"4":2,"5":2,"6":2,"7":2,"8":8,"9":2,"10":2,"11":2,"12":3,"13":2,"14":2,"15":2},"f":{"0":8,"1":3},"b":{}}
,"C:\\Users\\PC\\Desktop\\HENRY\\REPOSITORIOS\\Proyecto-01\\server\\src\\server.ts": {"path":"C:\\Users\\PC\\Desktop\\HENRY\\REPOSITORIOS\\Proyecto-01\\server\\src\\server.ts","statementMap":{"0":{"start":{"line":6,"column":0},"end":{"line":6,"column":7}},"1":{"start":{"line":1,"column":0},"end":{"line":1,"column":30}},"2":{"start":{"line":2,"column":0},"end":{"line":2,"column":28}},"3":{"start":{"line":3,"column":0},"end":{"line":3,"column":38}},"4":{"start":{"line":4,"column":0},"end":{"line":4,"column":29}},"5":{"start":{"line":7,"column":1},"end":{"line":12,"column":2}},"6":{"start":{"line":8,"column":2},"end":{"line":8,"column":26}},"7":{"start":{"line":9,"column":2},"end":{"line":9,"column":18}},"8":{"start":{"line":11,"column":2},"end":{"line":11,"column":68}},"9":{"start":{"line":15,"column":0},"end":{"line":15,"column":12}},"10":{"start":{"line":17,"column":15},"end":{"line":17,"column":24}},"11":{"start":{"line":19,"column":0},"end":{"line":19,"column":27}},"12":{"start":{"line":21,"column":0},"end":{"line":21,"column":44}},"13":{"start":{"line":23,"column":0},"end":{"line":25,"column":3}},"14":{"start":{"line":24,"column":1},"end":{"line":24,"column":32}},"15":{"start":{"line":27,"column":0},"end":{"line":27,"column":22}}},"fnMap":{"0":{"name":"connectDb","decl":{"start":{"line":6,"column":22},"end":{"line":6,"column":31}},"loc":{"start":{"line":6,"column":31},"end":{"line":13,"column":1}}},"1":{"name":"(anonymous_2)","decl":{"start":{"line":23,"column":19},"end":{"line":23,"column":20}},"loc":{"start":{"line":23,"column":32},"end":{"line":25,"column":1}}}},"branchMap":{},"s":{"0":2,"1":2,"2":2,"3":2,"4":2,"5":3,"6":3,"7":2,"8":1,"9":2,"10":2,"11":2,"12":2,"13":2,"14":1,"15":2},"f":{"0":3,"1":1},"b":{}}
,"C:\\Users\\PC\\Desktop\\HENRY\\REPOSITORIOS\\Proyecto-01\\server\\src\\config\\db.ts": {"path":"C:\\Users\\PC\\Desktop\\HENRY\\REPOSITORIOS\\Proyecto-01\\server\\src\\config\\db.ts","statementMap":{"0":{"start":{"line":1,"column":0},"end":{"line":1,"column":49}},"1":{"start":{"line":2,"column":0},"end":{"line":2,"column":28}},"2":{"start":{"line":3,"column":0},"end":{"line":3,"column":16}},"3":{"start":{"line":5,"column":11},"end":{"line":9,"column":2}},"4":{"start":{"line":11,"column":0},"end":{"line":11,"column":18}}},"fnMap":{},"branchMap":{},"s":{"0":2,"1":2,"2":2,"3":2,"4":2},"f":{},"b":{}}
,"C:\\Users\\PC\\Desktop\\HENRY\\REPOSITORIOS\\Proyecto-01\\server\\src\\handlers\\create.category.ts": {"path":"C:\\Users\\PC\\Desktop\\HENRY\\REPOSITORIOS\\Proyecto-01\\server\\src\\handlers\\create.category.ts","statementMap":{"0":{"start":{"line":2,"column":0},"end":{"line":2,"column":48}},"1":{"start":{"line":4,"column":30},"end":{"line":11,"column":1}},"2":{"start":{"line":5,"column":1},"end":{"line":10,"column":2}},"3":{"start":{"line":6,"column":19},"end":{"line":6,"column":50}},"4":{"start":{"line":7,"column":2},"end":{"line":7,"column":43}},"5":{"start":{"line":9,"column":2},"end":{"line":9,"column":21}},"6":{"start":{"line":4,"column":13},"end":{"line":4,"column":30}}},"fnMap":{"0":{"name":"(anonymous_1)","decl":{"start":{"line":4,"column":30},"end":{"line":4,"column":35}},"loc":{"start":{"line":4,"column":68},"end":{"line":11,"column":1}}}},"branchMap":{},"s":{"0":2,"1":2,"2":1,"3":1,"4":1,"5":0,"6":2},"f":{"0":1},"b":{}}
,"C:\\Users\\PC\\Desktop\\HENRY\\REPOSITORIOS\\Proyecto-01\\server\\src\\handlers\\create.product.ts": {"path":"C:\\Users\\PC\\Desktop\\HENRY\\REPOSITORIOS\\Proyecto-01\\server\\src\\handlers\\create.product.ts","statementMap":{"0":{"start":{"line":2,"column":0},"end":{"line":2,"column":46}},"1":{"start":{"line":4,"column":29},"end":{"line":18,"column":1}},"2":{"start":{"line":5,"column":1},"end":{"line":17,"column":2}},"3":{"start":{"line":6,"column":18},"end":{"line":6,"column":26}},"4":{"start":{"line":7,"column":2},"end":{"line":11,"column":3}},"5":{"start":{"line":8,"column":3},"end":{"line":10,"column":69}},"6":{"start":{"line":13,"column":18},"end":{"line":13,"column":48}},"7":{"start":{"line":14,"column":2},"end":{"line":14,"column":42}},"8":{"start":{"line":16,"column":2},"end":{"line":16,"column":21}},"9":{"start":{"line":4,"column":13},"end":{"line":4,"column":29}}},"fnMap":{"0":{"name":"(anonymous_1)","decl":{"start":{"line":4,"column":29},"end":{"line":4,"column":34}},"loc":{"start":{"line":4,"column":67},"end":{"line":18,"column":1}}}},"branchMap":{"0":{"loc":{"start":{"line":7,"column":2},"end":{"line":11,"column":3}},"type":"if","locations":[{"start":{"line":7,"column":2},"end":{"line":11,"column":3}}]},"1":{"loc":{"start":{"line":7,"column":6},"end":{"line":7,"column":33}},"type":"binary-expr","locations":[{"start":{"line":7,"column":6},"end":{"line":7,"column":15}},{"start":{"line":7,"column":19},"end":{"line":7,"column":33}}]}},"s":{"0":2,"1":2,"2":6,"3":6,"4":6,"5":1,"6":5,"7":5,"8":0,"9":2},"f":{"0":6},"b":{"0":[1],"1":[6,6]}}
,"C:\\Users\\PC\\Desktop\\HENRY\\REPOSITORIOS\\Proyecto-01\\server\\src\\handlers\\create.subcategory.ts": {"path":"C:\\Users\\PC\\Desktop\\HENRY\\REPOSITORIOS\\Proyecto-01\\server\\src\\handlers\\create.subcategory.ts","statementMap":{"0":{"start":{"line":2,"column":0},"end":{"line":2,"column":54}},"1":{"start":{"line":4,"column":33},"end":{"line":11,"column":1}},"2":{"start":{"line":5,"column":1},"end":{"line":10,"column":2}},"3":{"start":{"line":6,"column":22},"end":{"line":6,"column":56}},"4":{"start":{"line":7,"column":2},"end":{"line":7,"column":46}},"5":{"start":{"line":9,"column":2},"end":{"line":9,"column":21}},"6":{"start":{"line":4,"column":13},"end":{"line":4,"column":33}}},"fnMap":{"0":{"name":"(anonymous_1)","decl":{"start":{"line":4,"column":33},"end":{"line":4,"column":38}},"loc":{"start":{"line":4,"column":71},"end":{"line":11,"column":1}}}},"branchMap":{},"s":{"0":2,"1":2,"2":1,"3":1,"4":1,"5":0,"6":2},"f":{"0":1},"b":{}}
,"C:\\Users\\PC\\Desktop\\HENRY\\REPOSITORIOS\\Proyecto-01\\server\\src\\handlers\\delete.product.ts": {"path":"C:\\Users\\PC\\Desktop\\HENRY\\REPOSITORIOS\\Proyecto-01\\server\\src\\handlers\\delete.product.ts","statementMap":{"0":{"start":{"line":2,"column":0},"end":{"line":2,"column":46}},"1":{"start":{"line":4,"column":29},"end":{"line":17,"column":1}},"2":{"start":{"line":5,"column":1},"end":{"line":16,"column":2}},"3":{"start":{"line":6,"column":17},"end":{"line":6,"column":27}},"4":{"start":{"line":7,"column":18},"end":{"line":7,"column":44}},"5":{"start":{"line":8,"column":2},"end":{"line":10,"column":3}},"6":{"start":{"line":9,"column":3},"end":{"line":9,"column":68}},"7":{"start":{"line":12,"column":2},"end":{"line":12,"column":26}},"8":{"start":{"line":13,"column":2},"end":{"line":13,"column":43}},"9":{"start":{"line":15,"column":2},"end":{"line":15,"column":21}},"10":{"start":{"line":4,"column":13},"end":{"line":4,"column":29}}},"fnMap":{"0":{"name":"(anonymous_1)","decl":{"start":{"line":4,"column":29},"end":{"line":4,"column":34}},"loc":{"start":{"line":4,"column":67},"end":{"line":17,"column":1}}}},"branchMap":{"0":{"loc":{"start":{"line":8,"column":2},"end":{"line":10,"column":3}},"type":"if","locations":[{"start":{"line":8,"column":2},"end":{"line":10,"column":3}}]}},"s":{"0":2,"1":2,"2":3,"3":3,"4":3,"5":3,"6":2,"7":1,"8":1,"9":0,"10":2},"f":{"0":3},"b":{"0":[2]}}
,"C:\\Users\\PC\\Desktop\\HENRY\\REPOSITORIOS\\Proyecto-01\\server\\src\\handlers\\get.product.ts": {"path":"C:\\Users\\PC\\Desktop\\HENRY\\REPOSITORIOS\\Proyecto-01\\server\\src\\handlers\\get.product.ts","statementMap":{"0":{"start":{"line":2,"column":0},"end":{"line":2,"column":46}},"1":{"start":{"line":4,"column":30},"end":{"line":15,"column":1}},"2":{"start":{"line":5,"column":1},"end":{"line":14,"column":2}},"3":{"start":{"line":6,"column":17},"end":{"line":6,"column":27}},"4":{"start":{"line":7,"column":18},"end":{"line":7,"column":44}},"5":{"start":{"line":8,"column":2},"end":{"line":10,"column":3}},"6":{"start":{"line":9,"column":3},"end":{"line":9,"column":68}},"7":{"start":{"line":11,"column":2},"end":{"line":11,"column":30}},"8":{"start":{"line":13,"column":2},"end":{"line":13,"column":21}},"9":{"start":{"line":4,"column":13},"end":{"line":4,"column":30}}},"fnMap":{"0":{"name":"(anonymous_1)","decl":{"start":{"line":4,"column":30},"end":{"line":4,"column":35}},"loc":{"start":{"line":4,"column":68},"end":{"line":15,"column":1}}}},"branchMap":{"0":{"loc":{"start":{"line":8,"column":2},"end":{"line":10,"column":3}},"type":"if","locations":[{"start":{"line":8,"column":2},"end":{"line":10,"column":3}}]}},"s":{"0":2,"1":2,"2":5,"3":5,"4":5,"5":5,"6":2,"7":3,"8":0,"9":2},"f":{"0":5},"b":{"0":[2]}}
,"C:\\Users\\PC\\Desktop\\HENRY\\REPOSITORIOS\\Proyecto-01\\server\\src\\handlers\\get.products.ts": {"path":"C:\\Users\\PC\\Desktop\\HENRY\\REPOSITORIOS\\Proyecto-01\\server\\src\\handlers\\get.products.ts","statementMap":{"0":{"start":{"line":2,"column":0},"end":{"line":2,"column":46}},"1":{"start":{"line":4,"column":27},"end":{"line":16,"column":1}},"2":{"start":{"line":5,"column":1},"end":{"line":15,"column":2}},"3":{"start":{"line":6,"column":19},"end":{"line":11,"column":4}},"4":{"start":{"line":12,"column":2},"end":{"line":12,"column":31}},"5":{"start":{"line":14,"column":2},"end":{"line":14,"column":21}},"6":{"start":{"line":4,"column":13},"end":{"line":4,"column":27}}},"fnMap":{"0":{"name":"(anonymous_1)","decl":{"start":{"line":4,"column":27},"end":{"line":4,"column":32}},"loc":{"start":{"line":4,"column":65},"end":{"line":16,"column":1}}}},"branchMap":{},"s":{"0":2,"1":2,"2":1,"3":1,"4":1,"5":0,"6":2},"f":{"0":1},"b":{}}
,"C:\\Users\\PC\\Desktop\\HENRY\\REPOSITORIOS\\Proyecto-01\\server\\src\\handlers\\index.ts": {"path":"C:\\Users\\PC\\Desktop\\HENRY\\REPOSITORIOS\\Proyecto-01\\server\\src\\handlers\\index.ts","statementMap":{"0":{"start":{"line":2,"column":0},"end":{"line":2,"column":33}},"1":{"start":{"line":3,"column":0},"end":{"line":3,"column":31}},"2":{"start":{"line":4,"column":0},"end":{"line":4,"column":30}},"3":{"start":{"line":5,"column":0},"end":{"line":5,"column":33}},"4":{"start":{"line":6,"column":0},"end":{"line":6,"column":38}},"5":{"start":{"line":7,"column":0},"end":{"line":7,"column":33}},"6":{"start":{"line":8,"column":0},"end":{"line":8,"column":34}},"7":{"start":{"line":9,"column":0},"end":{"line":9,"column":37}}},"fnMap":{},"branchMap":{},"s":{"0":2,"1":2,"2":2,"3":2,"4":2,"5":2,"6":2,"7":2},"f":{},"b":{}}
,"C:\\Users\\PC\\Desktop\\HENRY\\REPOSITORIOS\\Proyecto-01\\server\\src\\handlers\\update.availability.ts": {"path":"C:\\Users\\PC\\Desktop\\HENRY\\REPOSITORIOS\\Proyecto-01\\server\\src\\handlers\\update.availability.ts","statementMap":{"0":{"start":{"line":2,"column":0},"end":{"line":2,"column":46}},"1":{"start":{"line":4,"column":34},"end":{"line":18,"column":1}},"2":{"start":{"line":5,"column":1},"end":{"line":17,"column":2}},"3":{"start":{"line":6,"column":17},"end":{"line":6,"column":27}},"4":{"start":{"line":7,"column":18},"end":{"line":7,"column":44}},"5":{"start":{"line":8,"column":2},"end":{"line":10,"column":3}},"6":{"start":{"line":9,"column":3},"end":{"line":9,"column":68}},"7":{"start":{"line":12,"column":2},"end":{"line":12,"column":58}},"8":{"start":{"line":13,"column":2},"end":{"line":13,"column":23}},"9":{"start":{"line":14,"column":2},"end":{"line":14,"column":30}},"10":{"start":{"line":16,"column":2},"end":{"line":16,"column":21}},"11":{"start":{"line":4,"column":13},"end":{"line":4,"column":34}}},"fnMap":{"0":{"name":"(anonymous_1)","decl":{"start":{"line":4,"column":34},"end":{"line":4,"column":39}},"loc":{"start":{"line":4,"column":72},"end":{"line":18,"column":1}}}},"branchMap":{"0":{"loc":{"start":{"line":8,"column":2},"end":{"line":10,"column":3}},"type":"if","locations":[{"start":{"line":8,"column":2},"end":{"line":10,"column":3}}]}},"s":{"0":2,"1":2,"2":3,"3":3,"4":3,"5":3,"6":2,"7":1,"8":1,"9":1,"10":0,"11":2},"f":{"0":3},"b":{"0":[2]}}
,"C:\\Users\\PC\\Desktop\\HENRY\\REPOSITORIOS\\Proyecto-01\\server\\src\\handlers\\update.product.ts": {"path":"C:\\Users\\PC\\Desktop\\HENRY\\REPOSITORIOS\\Proyecto-01\\server\\src\\handlers\\update.product.ts","statementMap":{"0":{"start":{"line":2,"column":0},"end":{"line":2,"column":46}},"1":{"start":{"line":4,"column":29},"end":{"line":18,"column":1}},"2":{"start":{"line":5,"column":1},"end":{"line":17,"column":2}},"3":{"start":{"line":6,"column":17},"end":{"line":6,"column":27}},"4":{"start":{"line":7,"column":18},"end":{"line":7,"column":44}},"5":{"start":{"line":8,"column":2},"end":{"line":10,"column":3}},"6":{"start":{"line":9,"column":3},"end":{"line":9,"column":68}},"7":{"start":{"line":12,"column":2},"end":{"line":12,"column":33}},"8":{"start":{"line":13,"column":2},"end":{"line":13,"column":23}},"9":{"start":{"line":14,"column":2},"end":{"line":14,"column":30}},"10":{"start":{"line":16,"column":2},"end":{"line":16,"column":21}},"11":{"start":{"line":4,"column":13},"end":{"line":4,"column":29}}},"fnMap":{"0":{"name":"(anonymous_1)","decl":{"start":{"line":4,"column":29},"end":{"line":4,"column":34}},"loc":{"start":{"line":4,"column":67},"end":{"line":18,"column":1}}}},"branchMap":{"0":{"loc":{"start":{"line":8,"column":2},"end":{"line":10,"column":3}},"type":"if","locations":[{"start":{"line":8,"column":2},"end":{"line":10,"column":3}}]}},"s":{"0":2,"1":2,"2":2,"3":2,"4":2,"5":2,"6":1,"7":1,"8":1,"9":1,"10":0,"11":2},"f":{"0":2},"b":{"0":[1]}}
,"C:\\Users\\PC\\Desktop\\HENRY\\REPOSITORIOS\\Proyecto-01\\server\\src\\middleware\\index.ts": {"path":"C:\\Users\\PC\\Desktop\\HENRY\\REPOSITORIOS\\Proyecto-01\\server\\src\\middleware\\index.ts","statementMap":{"0":{"start":{"line":2,"column":0},"end":{"line":2,"column":53}},"1":{"start":{"line":4,"column":33},"end":{"line":14,"column":1}},"2":{"start":{"line":9,"column":14},"end":{"line":9,"column":35}},"3":{"start":{"line":10,"column":1},"end":{"line":12,"column":2}},"4":{"start":{"line":11,"column":2},"end":{"line":11,"column":58}},"5":{"start":{"line":13,"column":1},"end":{"line":13,"column":8}},"6":{"start":{"line":4,"column":13},"end":{"line":4,"column":33}}},"fnMap":{"0":{"name":"(anonymous_0)","decl":{"start":{"line":4,"column":33},"end":{"line":4,"column":null}},"loc":{"start":{"line":8,"column":4},"end":{"line":14,"column":1}}}},"branchMap":{"0":{"loc":{"start":{"line":10,"column":1},"end":{"line":12,"column":2}},"type":"if","locations":[{"start":{"line":10,"column":1},"end":{"line":12,"column":2}}]}},"s":{"0":2,"1":2,"2":27,"3":27,"4":5,"5":22,"6":2},"f":{"0":27},"b":{"0":[5]}}
,"C:\\Users\\PC\\Desktop\\HENRY\\REPOSITORIOS\\Proyecto-01\\server\\src\\models\\Category.model.ts": {"path":"C:\\Users\\PC\\Desktop\\HENRY\\REPOSITORIOS\\Proyecto-01\\server\\src\\models\\Category.model.ts","statementMap":{"0":{"start":{"line":1,"column":0},"end":{"line":1,"column":79}},"1":{"start":{"line":2,"column":0},"end":{"line":2,"column":46}},"2":{"start":{"line":7,"column":0},"end":{"line":16,"column":null}},"3":{"start":{"line":12,"column":9},"end":{"line":12,"column":null}},"4":{"start":{"line":15,"column":9},"end":{"line":15,"column":null}},"5":{"start":{"line":14,"column":16},"end":{"line":14,"column":27}},"6":{"start":{"line":7,"column":6},"end":{"line":16,"column":null}},"7":{"start":{"line":18,"column":0},"end":{"line":18,"column":24}}},"fnMap":{"0":{"name":"(anonymous_3)","decl":{"start":{"line":14,"column":10},"end":{"line":14,"column":13}},"loc":{"start":{"line":14,"column":16},"end":{"line":14,"column":27}}}},"branchMap":{},"s":{"0":3,"1":3,"2":3,"3":3,"4":3,"5":4,"6":3,"7":3},"f":{"0":4},"b":{}}
,"C:\\Users\\PC\\Desktop\\HENRY\\REPOSITORIOS\\Proyecto-01\\server\\src\\models\\Product.model.ts": {"path":"C:\\Users\\PC\\Desktop\\HENRY\\REPOSITORIOS\\Proyecto-01\\server\\src\\models\\Product.model.ts","statementMap":{"0":{"start":{"line":1,"column":0},"end":{"line":1,"column":null}},"1":{"start":{"line":10,"column":0},"end":{"line":10,"column":40}},"2":{"start":{"line":11,"column":0},"end":{"line":11,"column":46}},"3":{"start":{"line":16,"column":0},"end":{"line":90,"column":null}},"4":{"start":{"line":20,"column":9},"end":{"line":20,"column":null}},"5":{"start":{"line":25,"column":9},"end":{"line":25,"column":null}},"6":{"start":{"line":31,"column":9},"end":{"line":31,"column":null}},"7":{"start":{"line":37,"column":9},"end":{"line":37,"column":null}},"8":{"start":{"line":43,"column":9},"end":{"line":43,"column":null}},"9":{"start":{"line":49,"column":9},"end":{"line":49,"column":null}},"10":{"start":{"line":55,"column":9},"end":{"line":55,"column":null}},"11":{"start":{"line":62,"column":9},"end":{"line":62,"column":null}},"12":{"start":{"line":57,"column":19},"end":{"line":57,"column":27}},"13":{"start":{"line":65,"column":9},"end":{"line":65,"column":null}},"14":{"start":{"line":64,"column":18},"end":{"line":64,"column":26}},"15":{"start":{"line":72,"column":9},"end":{"line":72,"column":null}},"16":{"start":{"line":67,"column":19},"end":{"line":67,"column":30}},"17":{"start":{"line":75,"column":9},"end":{"line":75,"column":null}},"18":{"start":{"line":74,"column":18},"end":{"line":74,"column":29}},"19":{"start":{"line":82,"column":9},"end":{"line":82,"column":null}},"20":{"start":{"line":89,"column":9},"end":{"line":89,"column":null}},"21":{"start":{"line":16,"column":6},"end":{"line":90,"column":null}},"22":{"start":{"line":92,"column":0},"end":{"line":92,"column":23}}},"fnMap":{"0":{"name":"(anonymous_3)","decl":{"start":{"line":57,"column":13},"end":{"line":57,"column":16}},"loc":{"start":{"line":57,"column":19},"end":{"line":57,"column":27}}},"1":{"name":"(anonymous_4)","decl":{"start":{"line":64,"column":12},"end":{"line":64,"column":15}},"loc":{"start":{"line":64,"column":18},"end":{"line":64,"column":26}}},"2":{"name":"(anonymous_5)","decl":{"start":{"line":67,"column":13},"end":{"line":67,"column":16}},"loc":{"start":{"line":67,"column":19},"end":{"line":67,"column":30}}},"3":{"name":"(anonymous_6)","decl":{"start":{"line":74,"column":12},"end":{"line":74,"column":15}},"loc":{"start":{"line":74,"column":18},"end":{"line":74,"column":29}}}},"branchMap":{},"s":{"0":3,"1":3,"2":3,"3":3,"4":3,"5":3,"6":3,"7":3,"8":3,"9":3,"10":3,"11":3,"12":6,"13":3,"14":4,"15":3,"16":2,"17":3,"18":4,"19":3,"20":3,"21":3,"22":3},"f":{"0":6,"1":4,"2":2,"3":4},"b":{}}
,"C:\\Users\\PC\\Desktop\\HENRY\\REPOSITORIOS\\Proyecto-01\\server\\src\\models\\SubCategory.model.ts": {"path":"C:\\Users\\PC\\Desktop\\HENRY\\REPOSITORIOS\\Proyecto-01\\server\\src\\models\\SubCategory.model.ts","statementMap":{"0":{"start":{"line":1,"column":0},"end":{"line":1,"column":null}},"1":{"start":{"line":9,"column":0},"end":{"line":9,"column":40}},"2":{"start":{"line":14,"column":0},"end":{"line":30,"column":null}},"3":{"start":{"line":19,"column":9},"end":{"line":19,"column":null}},"4":{"start":{"line":26,"column":9},"end":{"line":26,"column":null}},"5":{"start":{"line":21,"column":19},"end":{"line":21,"column":27}},"6":{"start":{"line":29,"column":9},"end":{"line":29,"column":null}},"7":{"start":{"line":28,"column":18},"end":{"line":28,"column":26}},"8":{"start":{"line":14,"column":6},"end":{"line":30,"column":null}},"9":{"start":{"line":32,"column":0},"end":{"line":32,"column":27}}},"fnMap":{"0":{"name":"(anonymous_3)","decl":{"start":{"line":21,"column":13},"end":{"line":21,"column":16}},"loc":{"start":{"line":21,"column":19},"end":{"line":21,"column":27}}},"1":{"name":"(anonymous_4)","decl":{"start":{"line":28,"column":12},"end":{"line":28,"column":15}},"loc":{"start":{"line":28,"column":18},"end":{"line":28,"column":26}}}},"branchMap":{},"s":{"0":3,"1":3,"2":3,"3":3,"4":3,"5":4,"6":3,"7":4,"8":3,"9":3},"f":{"0":4,"1":4},"b":{}}
}
