TN:
SF:src\router.ts
FN:40,(anonymous_0)
FN:128,(anonymous_1)
FNF:2
FNH:2
FNDA:8,(anonymous_0)
FNDA:3,(anonymous_1)
DA:1,2
DA:2,2
DA:3,2
DA:13,2
DA:15,2
DA:17,2
DA:19,2
DA:26,2
DA:40,8
DA:87,2
DA:101,2
DA:116,2
DA:128,3
DA:136,2
DA:143,2
DA:150,2
LF:16
LH:16
BRF:0
BRH:0
end_of_record
TN:
SF:src\server.ts
FN:6,connectDb
FN:23,(anonymous_2)
FNF:2
FNH:2
FNDA:3,connectDb
FNDA:1,(anonymous_2)
DA:1,2
DA:2,2
DA:3,2
DA:4,2
DA:6,2
DA:7,3
DA:8,3
DA:9,2
DA:11,1
DA:15,2
DA:17,2
DA:19,2
DA:21,2
DA:23,2
DA:24,1
DA:27,2
LF:16
LH:16
BRF:0
BRH:0
end_of_record
TN:
SF:src\config\db.ts
FNF:0
FNH:0
DA:1,2
DA:2,2
DA:3,2
DA:5,2
DA:11,2
LF:5
LH:5
BRF:0
BRH:0
end_of_record
TN:
SF:src\handlers\create.category.ts
FN:4,(anonymous_1)
FNF:1
FNH:1
FNDA:1,(anonymous_1)
DA:2,2
DA:4,2
DA:5,1
DA:6,1
DA:7,1
DA:9,0
LF:6
LH:5
BRF:0
BRH:0
end_of_record
TN:
SF:src\handlers\create.product.ts
FN:4,(anonymous_1)
FNF:1
FNH:1
FNDA:6,(anonymous_1)
DA:2,2
DA:4,2
DA:5,6
DA:6,6
DA:7,6
DA:8,1
DA:13,5
DA:14,5
DA:16,0
LF:9
LH:8
BRDA:7,0,0,1
BRDA:7,1,0,6
BRDA:7,1,1,6
BRF:3
BRH:3
end_of_record
TN:
SF:src\handlers\create.subcategory.ts
FN:4,(anonymous_1)
FNF:1
FNH:1
FNDA:1,(anonymous_1)
DA:2,2
DA:4,2
DA:5,1
DA:6,1
DA:7,1
DA:9,0
LF:6
LH:5
BRF:0
BRH:0
end_of_record
TN:
SF:src\handlers\delete.product.ts
FN:4,(anonymous_1)
FNF:1
FNH:1
FNDA:3,(anonymous_1)
DA:2,2
DA:4,2
DA:5,3
DA:6,3
DA:7,3
DA:8,3
DA:9,2
DA:12,1
DA:13,1
DA:15,0
LF:10
LH:9
BRDA:8,0,0,2
BRF:1
BRH:1
end_of_record
TN:
SF:src\handlers\get.product.ts
FN:4,(anonymous_1)
FNF:1
FNH:1
FNDA:5,(anonymous_1)
DA:2,2
DA:4,2
DA:5,5
DA:6,5
DA:7,5
DA:8,5
DA:9,2
DA:11,3
DA:13,0
LF:9
LH:8
BRDA:8,0,0,2
BRF:1
BRH:1
end_of_record
TN:
SF:src\handlers\get.products.ts
FN:4,(anonymous_1)
FNF:1
FNH:1
FNDA:1,(anonymous_1)
DA:2,2
DA:4,2
DA:5,1
DA:6,1
DA:12,1
DA:14,0
LF:6
LH:5
BRF:0
BRH:0
end_of_record
TN:
SF:src\handlers\index.ts
FNF:0
FNH:0
DA:2,2
DA:3,2
DA:4,2
DA:5,2
DA:6,2
DA:7,2
DA:8,2
DA:9,2
LF:8
LH:8
BRF:0
BRH:0
end_of_record
TN:
SF:src\handlers\update.availability.ts
FN:4,(anonymous_1)
FNF:1
FNH:1
FNDA:3,(anonymous_1)
DA:2,2
DA:4,2
DA:5,3
DA:6,3
DA:7,3
DA:8,3
DA:9,2
DA:12,1
DA:13,1
DA:14,1
DA:16,0
LF:11
LH:10
BRDA:8,0,0,2
BRF:1
BRH:1
end_of_record
TN:
SF:src\handlers\update.product.ts
FN:4,(anonymous_1)
FNF:1
FNH:1
FNDA:2,(anonymous_1)
DA:2,2
DA:4,2
DA:5,2
DA:6,2
DA:7,2
DA:8,2
DA:9,1
DA:12,1
DA:13,1
DA:14,1
DA:16,0
LF:11
LH:10
BRDA:8,0,0,1
BRF:1
BRH:1
end_of_record
TN:
SF:src\middleware\index.ts
FN:4,(anonymous_0)
FNF:1
FNH:1
FNDA:27,(anonymous_0)
DA:2,2
DA:4,2
DA:9,27
DA:10,27
DA:11,5
DA:13,22
LF:6
LH:6
BRDA:10,0,0,5
BRF:1
BRH:1
end_of_record
TN:
SF:src\models\Category.model.ts
FN:14,(anonymous_3)
FNF:1
FNH:1
FNDA:4,(anonymous_3)
DA:1,3
DA:2,3
DA:7,3
DA:12,3
DA:14,4
DA:15,3
DA:18,3
LF:7
LH:7
BRF:0
BRH:0
end_of_record
TN:
SF:src\models\Product.model.ts
FN:57,(anonymous_3)
FN:64,(anonymous_4)
FN:67,(anonymous_5)
FN:74,(anonymous_6)
FNF:4
FNH:4
FNDA:6,(anonymous_3)
FNDA:4,(anonymous_4)
FNDA:2,(anonymous_5)
FNDA:4,(anonymous_6)
DA:1,3
DA:10,3
DA:11,3
DA:16,3
DA:20,3
DA:25,3
DA:31,3
DA:37,3
DA:43,3
DA:49,3
DA:55,3
DA:57,6
DA:62,3
DA:64,4
DA:65,3
DA:67,2
DA:72,3
DA:74,4
DA:75,3
DA:82,3
DA:89,3
DA:92,3
LF:22
LH:22
BRF:0
BRH:0
end_of_record
TN:
SF:src\models\SubCategory.model.ts
FN:21,(anonymous_3)
FN:28,(anonymous_4)
FNF:2
FNH:2
FNDA:4,(anonymous_3)
FNDA:4,(anonymous_4)
DA:1,3
DA:9,3
DA:14,3
DA:19,3
DA:21,4
DA:26,3
DA:28,4
DA:29,3
DA:32,3
LF:9
LH:9
BRF:0
BRH:0
end_of_record
